[0;35m[2025-07-16 14:01:26] 🚀 배포 시작 - 환경: production[0m
[0;35m[2025-07-16 14:01:26] 📦 현재 상태 백업 중...[0m
[0;32m✅ 백업 완료: /home/barahime/backups/kbeauty-20250716-140126[0m
[0;35m[2025-07-16 14:01:26] 🔍 현재 서비스 상태 확인 중...[0m
[0;35m[2025-07-16 14:01:26] 🔄 소스 코드 업데이트 중...[0m
[0;32m✅ 소스 코드 업데이트 완료[0m
[0;35m[2025-07-16 14:01:27] 📦 의존성 업데이트 중...[0m
[0;32m✅ 의존성 업데이트 완료[0m
[0;35m[2025-07-16 14:01:31] 🔨 백엔드 빌드 중...[0m
[0;32m✅ 백엔드 빌드 완료[0m
[0;35m[2025-07-16 14:01:47] 🔨 스토어프론트 빌드 중...[0m
[0;32m✅ 스토어프론트 빌드 완료[0m
[0;35m[2025-07-16 14:02:12] 🗄️ 데이터베이스 마이그레이션 중...[0m
[0;35m[2025-07-16 14:02:16] 🔄 서비스 재시작 중...[0m
[0;32m✅ 서비스 재시작 완료[0m
[0;35m[2025-07-16 14:02:29] ⏱️ 서비스 초기화 대기 중...[0m
[0;35m[2025-07-16 14:02:44] 🔍 배포 후 상태 확인 중...[0m
[0;35m[2025-07-16 14:02:45] 🌐 서비스 연결 테스트 중...[0m
[0;32m✅ 메인 사이트 연결 성공: https://kbeauty.market[0m
[1;33m⚠️ API 서버 연결 실패[0m
[1;33m⚠️ 데이터베이스 관리 도구 연결 실패[0m
[0;35m[2025-07-16 14:02:45] 🎊 KBeauty.Market 배포가 성공적으로 완료되었습니다![0m
[0;35m[2025-07-16 14:02:45] 🎯 Q4 2025 목표: 50개 K-Beauty 브랜드 연동을 향해![0m
