   ▲ Next.js 15.3.1 (Turbopack)
   - Local:        http://localhost:10004
   - Network:      http://49.247.9.193:10004
   - Environments: .env.local

 ✓ Starting...
 ✓ Compiled middleware in 106ms
 ✓ Ready in 833ms
 ○ Compiling /[countryCode] ...
Browserslist: browsers data (caniuse-lite) is 8 months old. Please run:
  npx update-browserslist-db@latest
  Why you should do it regularly: https://github.com/browserslist/update-db#readme
 ✓ Compiled /[countryCode] in 2.1s
Initiating Medusa client with default headers:
 {
  "accept": "application/json",
  "content-type": "application/json",
  "x-publishable-api-key": "pk_72a17cc3cdde540098bac83d7ecf8edc6e195d3c62c49af933872a10f5c097e4",
  "authorization": "<REDACTED>"
}

Initiating Medusa client with default headers:
 {
  "accept": "application/json",
  "content-type": "application/json",
  "x-publishable-api-key": "pk_72a17cc3cdde540098bac83d7ecf8edc6e195d3c62c49af933872a10f5c097e4",
  "authorization": "<REDACTED>"
}

Performing request to:
 URL: http://localhost:10000/store/regions
 Headers: {
  "accept": "application/json",
  "content-type": "application/json",
  "x-publishable-api-key": "pk_72a17cc3cdde540098bac83d7ecf8edc6e195d3c62c49af933872a10f5c097e4",
  "authorization": "<REDACTED>"
}

Performing request to:
 URL: http://localhost:10000/store/customers/me?fields=%2Aorders
 Headers: {
  "accept": "application/json",
  "content-type": "application/json",
  "x-publishable-api-key": "pk_72a17cc3cdde540098bac83d7ecf8edc6e195d3c62c49af933872a10f5c097e4",
  "authorization": "<REDACTED>"
}

Received response with status 200

Performing request to:
 URL: http://localhost:10000/store/collections?fields=id%2C%20handle%2C%20title&limit=100&offset=0
 Headers: {
  "accept": "application/json",
  "content-type": "application/json",
  "x-publishable-api-key": "pk_72a17cc3cdde540098bac83d7ecf8edc6e195d3c62c49af933872a10f5c097e4",
  "authorization": "<REDACTED>"
}

Received response with status 401

Performing request to:
 URL: http://localhost:10000/store/regions
 Headers: {
  "accept": "application/json",
  "content-type": "application/json",
  "x-publishable-api-key": "pk_72a17cc3cdde540098bac83d7ecf8edc6e195d3c62c49af933872a10f5c097e4",
  "authorization": "<REDACTED>"
}

Performing request to:
 URL: http://localhost:10000/store/collections?fields=%2Aproducts&limit=100&offset=0
 Headers: {
  "accept": "application/json",
  "content-type": "application/json",
  "x-publishable-api-key": "pk_72a17cc3cdde540098bac83d7ecf8edc6e195d3c62c49af933872a10f5c097e4",
  "authorization": "<REDACTED>"
}

Received response with status 200

Performing request to:
 URL: http://localhost:10000/store/product-categories?fields=%2Acategory_children%2C%20%2Aproducts%2C%20%2Aparent_category%2C%20%2Aparent_category.parent_category&limit=100
 Headers: {
  "accept": "application/json",
  "content-type": "application/json",
  "x-publishable-api-key": "pk_72a17cc3cdde540098bac83d7ecf8edc6e195d3c62c49af933872a10f5c097e4",
  "authorization": "<REDACTED>"
}

Received response with status 200

Received response with status 200

Received response with status 200

 GET /dk 200 in 2755ms
 │ GET http://localhost:10000/store/regions 200 in 32ms (cache skip)
 │ │ Cache skipped reason: (cache-control: no-cache (hard refresh))
 │ GET http://localhost:10000/store/customers/me?fields=%2Aorders 401 in 34ms (cache skip)
 │ │ Cache skipped reason: (cache-control: no-cache (hard refresh))
 │ GET http://localhost:10000/store/collections?fields=%2Aproducts&limit=100&offset=0 200 in 25ms (cache skip)
 │ │ Cache skipped reason: (cache-control: no-cache (hard refresh))
 │ GET http://localhost:10000/store/regions 200 in 45ms (cache skip)
 │ │ Cache skipped reason: (cache-control: no-cache (hard refresh))
 │ GET http://localhost:10000/store/collections?fields=id%2C%20handle%2C%20title&limit=100&offset=0 200 in 52ms (cache skip)
 │ │ Cache skipped reason: (cache-control: no-cache (hard refresh))
 │ GET http://localhost:10000/store/product-categories?fields=%2Acategory_children%2C%20%2Aproducts%2C%20%2Aparent_category%2C%20%2Aparent_category.parent_category&limit=100 200 in 22ms (cache skip)
 │ │ Cache skipped reason: (cache-control: no-cache (hard refresh))
 ⚠ Cross origin request detected from kbeauty.market to /_next/* resource. In a future major version of Next.js, you will need to explicitly configure "allowedDevOrigins" in next.config to allow this.
Read more: https://nextjs.org/docs/app/api-reference/config/next-config-js/allowedDevOrigins
 ○ Compiling /[countryCode]/store ...
 ✓ Compiled /[countryCode]/store in 699ms
Initiating Medusa client with default headers:
 {
  "accept": "application/json",
  "content-type": "application/json",
  "x-publishable-api-key": "pk_72a17cc3cdde540098bac83d7ecf8edc6e195d3c62c49af933872a10f5c097e4",
  "authorization": "<REDACTED>"
}

Performing request to:
 URL: http://localhost:10000/store/products?limit=100&offset=0&region_id=reg_01K01DTEFGM60PY0W826GBYD8E&fields=%2Avariants.calculated_price%2C%2Bvariants.inventory_quantity%2C%2Bmetadata%2C%2Btags&order=created_at
 Headers: {
  "accept": "application/json",
  "content-type": "application/json",
  "x-publishable-api-key": "pk_72a17cc3cdde540098bac83d7ecf8edc6e195d3c62c49af933872a10f5c097e4",
  "authorization": "<REDACTED>"
}

Received response with status 200

 GET /dk/store 200 in 1075ms
 │ GET http://localhost:10000/store/products?limit=100&offset=0&region_id=reg_01K01DTEFGM60PY0W826GBYD8E&fields=%2Avariants.calculated_price%2C%2Bvariants.inventory_quantity%2C%2Bmetadata%2C%2Btags&order=created_at 200 in 3ms (cache hit)
Performing request to:
 URL: http://localhost:10000/store/products?limit=100&offset=0&region_id=reg_01K01DTEFGM60PY0W826GBYD8E&fields=%2Avariants.calculated_price%2C%2Bvariants.inventory_quantity%2C%2Bmetadata%2C%2Btags
 Headers: {
  "accept": "application/json",
  "content-type": "application/json",
  "x-publishable-api-key": "pk_72a17cc3cdde540098bac83d7ecf8edc6e195d3c62c49af933872a10f5c097e4",
  "authorization": "<REDACTED>"
}

Received response with status 200

 GET /dk/store?sortBy=price_asc 200 in 124ms
 │ GET http://localhost:10000/store/products?limit=100&offset=0&region_id=reg_01K01DTEFGM60PY0W826GBYD8E&fields=%2Avariants.calculated_price%2C%2Bvariants.inventory_quantity%2C%2Bmetadata%2C%2Btags 200 in 66ms (cache skip)
 │ │ Cache skipped reason: (cache-control: no-cache (hard refresh))
Initiating Medusa client with default headers:
 {
  "accept": "application/json",
  "content-type": "application/json",
  "x-publishable-api-key": "pk_72a17cc3cdde540098bac83d7ecf8edc6e195d3c62c49af933872a10f5c097e4",
  "authorization": "<REDACTED>"
}

Performing request to:
 URL: http://localhost:10000/store/collections?fields=id%2C%20handle%2C%20title&limit=100&offset=0
 Headers: {
  "accept": "application/json",
  "content-type": "application/json",
  "x-publishable-api-key": "pk_72a17cc3cdde540098bac83d7ecf8edc6e195d3c62c49af933872a10f5c097e4",
  "authorization": "<REDACTED>"
}

Received response with status 200

 GET /dk 200 in 45ms
 │ GET http://localhost:10000/store/collections?fields=id%2C%20handle%2C%20title&limit=100&offset=0 200 in 0ms (cache hit)
Initiating Medusa client with default headers:
 {
  "accept": "application/json",
  "content-type": "application/json",
  "x-publishable-api-key": "pk_72a17cc3cdde540098bac83d7ecf8edc6e195d3c62c49af933872a10f5c097e4",
  "authorization": "<REDACTED>"
}

[Error [TimeoutError]: The operation was aborted due to timeout] {
  code: 23,
  INDEX_SIZE_ERR: 1,
  DOMSTRING_SIZE_ERR: 2,
  HIERARCHY_REQUEST_ERR: 3,
  WRONG_DOCUMENT_ERR: 4,
  INVALID_CHARACTER_ERR: 5,
  NO_DATA_ALLOWED_ERR: 6,
  NO_MODIFICATION_ALLOWED_ERR: 7,
  NOT_FOUND_ERR: 8,
  NOT_SUPPORTED_ERR: 9,
  INUSE_ATTRIBUTE_ERR: 10,
  INVALID_STATE_ERR: 11,
  SYNTAX_ERR: 12,
  INVALID_MODIFICATION_ERR: 13,
  NAMESPACE_ERR: 14,
  INVALID_ACCESS_ERR: 15,
  VALIDATION_ERR: 16,
  TYPE_MISMATCH_ERR: 17,
  SECURITY_ERR: 18,
  NETWORK_ERR: 19,
  ABORT_ERR: 20,
  URL_MISMATCH_ERR: 21,
  QUOTA_EXCEEDED_ERR: 22,
  TIMEOUT_ERR: 23,
  INVALID_NODE_TYPE_ERR: 24,
  DATA_CLONE_ERR: 25
}
